<?xml version="1.0" encoding="UTF-8"?>
<robot generator="Robot 7.4.2 (Python 3.14.4 on win32)" generated="2026-07-24T15:14:49.203222" rpa="false" schemaversion="5">
<suite id="s1" name="Projeto RobotFramework" source="D:\CursoUdemy\Projeto_RobotFramework">
<suite id="s1-s1" name="Tests" source="D:\CursoUdemy\Projeto_RobotFramework\tests">
<suite id="s1-s1-s1" name="LoginPage testes" source="D:\CursoUdemy\Projeto_RobotFramework\tests\LoginPage_testes.robot">
<test id="s1-s1-s1-t1" name="Realizar cadastro de um usuario e deleta-lo" line="50">
<kw name="Abrir navegador" owner="base" type="SETUP">
<kw name="Open Browser" owner="SeleniumLibrary">
<msg time="2026-07-24T15:14:49.849334" level="INFO">Opening browser 'edge' to base url 'about:blank'.</msg>
<arg>about:blank</arg>
<arg>${BROWSER}</arg>
<doc>Opens a new browser instance to the optional ``url``.</doc>
<status status="PASS" start="2026-07-24T15:14:49.848861" elapsed="0.628332"/>
</kw>
<kw name="Maximize Browser Window" owner="SeleniumLibrary">
<doc>Maximizes current browser window.</doc>
<status status="PASS" start="2026-07-24T15:14:50.477489" elapsed="0.024998"/>
</kw>
<status status="PASS" start="2026-07-24T15:14:49.847568" elapsed="0.655157"/>
</kw>
<kw name="Acessar pagina inicial" owner="HomePage">
<kw name="Go To" owner="SeleniumLibrary">
<msg time="2026-07-24T15:14:50.504044" level="INFO">Opening url 'https://automationexercise.com/'</msg>
<arg>${URL}</arg>
<doc>Navigates the current browser window to the provided ``url``.</doc>
<status status="PASS" start="2026-07-24T15:14:50.503697" elapsed="6.098593"/>
</kw>
<kw name="Element Text Should Be" owner="SeleniumLibrary">
<msg time="2026-07-24T15:14:56.603476" level="INFO">Verifying element '//div[@id="accordian"]/../h2' contains exact text 'CATEGORY'.</msg>
<arg>${CATEGORIA}</arg>
<arg>CATEGORY</arg>
<doc>Verifies that element ``locator`` contains exact the text ``expected``.</doc>
<status status="PASS" start="2026-07-24T15:14:56.602603" elapsed="0.016104"/>
</kw>
<doc>Acessa a página inicial do site</doc>
<status status="PASS" start="2026-07-24T15:14:50.503153" elapsed="6.115721"/>
</kw>
<kw name="Acessar pagina de login e cadastro" owner="HomePage">
<kw name="Click Element" owner="SeleniumLibrary">
<msg time="2026-07-24T15:14:56.620178" level="INFO">Clicking element '//a[@href='/login']'.</msg>
<arg>${LOGIN_CADASTRO}</arg>
<doc>Click the element identified by ``locator``.</doc>
<status status="PASS" start="2026-07-24T15:14:56.619722" elapsed="1.796807"/>
</kw>
<doc>Acessa a página de login e cadastro do site</doc>
<status status="PASS" start="2026-07-24T15:14:56.619206" elapsed="1.797713"/>
</kw>
<kw name="Preencher campos de cadastro" owner="LoginPage">
<kw name="Input Text" owner="SeleniumLibrary">
<msg time="2026-07-24T15:14:58.418874" level="INFO">Typing text 'Asafe Cunha' into text field '//input[@data-qa='signup-name']'.</msg>
<arg>${CAMPO_NOME}</arg>
<arg>${nome}</arg>
<doc>Types the given ``text`` into the text field identified by ``locator``.</doc>
<status status="PASS" start="2026-07-24T15:14:58.418216" elapsed="0.075944"/>
</kw>
<kw name="Input Text" owner="SeleniumLibrary">
<msg time="2026-07-24T15:14:58.494944" level="INFO">Typing text 'novaisjoao-lucas@example.org' into text field '//input[@data-qa='signup-email']'.</msg>
<arg>${CAMPO_EMAIL_CADASTRO}</arg>
<arg>${email}</arg>
<doc>Types the given ``text`` into the text field identified by ``locator``.</doc>
<status status="PASS" start="2026-07-24T15:14:58.494404" elapsed="0.055614"/>
</kw>
<kw name="Click Button" owner="SeleniumLibrary">
<msg time="2026-07-24T15:14:58.550879" level="INFO">Clicking button '//button[@data-qa='signup-button']'.</msg>
<arg>${BOTAO_CADASTRO}</arg>
<doc>Clicks the button identified by ``locator``.</doc>
<status status="PASS" start="2026-07-24T15:14:58.550309" elapsed="1.811295"/>
</kw>
<arg>${FAKE_NOME}</arg>
<arg>${FAKE_EMAIL}</arg>
<doc>Preenche os campos de cadastro com nome e email</doc>
<status status="PASS" start="2026-07-24T15:14:58.417455" elapsed="1.944365"/>
</kw>
<kw name="Preencher formulario de cadastro" owner="LoginPage">
<kw name="Click Element" owner="SeleniumLibrary">
<msg time="2026-07-24T15:15:00.363162" level="INFO">Clicking element '//input[@value='Mrs']'.</msg>
<arg>//input[@value='${TITULO}']</arg>
<doc>Click the element identified by ``locator``.</doc>
<status status="PASS" start="2026-07-24T15:15:00.362696" elapsed="0.050178"/>
</kw>
<kw name="Input Text" owner="SeleniumLibrary">
<msg time="2026-07-24T15:15:00.413785" level="INFO">Typing text '3xZbhKJb_0' into text field '//input[@data-qa='password']'.</msg>
<arg>${CAMPO_SENHA_CADASTRO}</arg>
<arg>${FAKE_SENHA}</arg>
<doc>Types the given ``text`` into the text field identified by ``locator``.</doc>
<status status="PASS" start="2026-07-24T15:15:00.413175" elapsed="0.057775"/>
</kw>
<kw name="Select From List By Value" owner="SeleniumLibrary">
<msg time="2026-07-24T15:15:00.471751" level="INFO">Selecting options from selection list 'id=days' by value 10.</msg>
<arg>${CAMPO_DIA_NASCIMENTO}</arg>
<arg>${FAKE_DIA_NASCIMENTO}</arg>
<doc>Selects options from selection list ``locator`` by ``values``.</doc>
<status status="PASS" start="2026-07-24T15:15:00.471200" elapsed="0.100418"/>
</kw>
<kw name="Select From List By Value" owner="SeleniumLibrary">
<msg time="2026-07-24T15:15:00.572453" level="INFO">Selecting options from selection list 'id=months' by value 1.</msg>
<arg>${CAMPO_MES_NASCIMENTO}</arg>
<arg>${FAKE_MES_NASCIMENTO}</arg>
<doc>Selects options from selection list ``locator`` by ``values``.</doc>
<status status="PASS" start="2026-07-24T15:15:00.571916" elapsed="0.038404"/>
</kw>
<kw name="Select From List By Value" owner="SeleniumLibrary">
<msg time="2026-07-24T15:15:00.611099" level="INFO">Selecting options from selection list 'id=years' by value 1942.</msg>
<arg>${CAMPO_ANO_NASCIMENTO}</arg>
<arg>${FAKE_ANO_NASCIMENTO}</arg>
<doc>Selects options from selection list ``locator`` by ``values``.</doc>
<status status="PASS" start="2026-07-24T15:15:00.610576" elapsed="0.040016"/>
</kw>
<kw name="Input Text" owner="SeleniumLibrary">
<msg time="2026-07-24T15:15:00.651341" level="INFO">Typing text 'Josué' into text field '//input[@data-qa='first_name']'.</msg>
<arg>${CAMPO_PRIMEIRO_NOME}</arg>
<arg>${FAKE_PRIMEIRO_NOME}</arg>
<doc>Types the given ``text`` into the text field identified by ``locator``.</doc>
<status status="PASS" start="2026-07-24T15:15:00.650824" elapsed="0.051372"/>
</kw>
<kw name="Input Text" owner="SeleniumLibrary">
<msg time="2026-07-24T15:15:00.702906" level="INFO">Typing text 'Sales' into text field '//input[@data-qa='last_name']'.</msg>
<arg>${CAMPO_ULTIMO_NOME}</arg>
<arg>${FAKE_ULTIMO_NOME}</arg>
<doc>Types the given ``text`` into the text field identified by ``locator``.</doc>
<status status="PASS" start="2026-07-24T15:15:00.702420" elapsed="0.052288"/>
</kw>
<kw name="Input Text" owner="SeleniumLibrary">
<msg time="2026-07-24T15:15:00.755558" level="INFO">Typing text 'Castro' into text field '//input[@data-qa='company']'.</msg>
<arg>${CAMPO_EMPRESA}</arg>
<arg>${FAKE_EMPRESA}</arg>
<doc>Types the given ``text`` into the text field identified by ``locator``.</doc>
<status status="PASS" start="2026-07-24T15:15:00.754998" elapsed="0.065525"/>
</kw>
<kw name="Input Text" owner="SeleniumLibrary">
<msg time="2026-07-24T15:15:00.821280" level="INFO">Typing text 'Lago Pacheco, 697' into text field '//input[@data-qa='address']'.</msg>
<arg>${CAMPO_ENDERECO1}</arg>
<arg>${FAKE_ENDERECO1}</arg>
<doc>Types the given ``text`` into the text field identified by ``locator``.</doc>
<status status="PASS" start="2026-07-24T15:15:00.820755" elapsed="0.061136"/>
</kw>
<kw name="Input Text" owner="SeleniumLibrary">
<msg time="2026-07-24T15:15:00.882627" level="INFO">Typing text 'Fazenda Davi Lucas Moraes, 73' into text field '//input[@data-qa='address2']'.</msg>
<arg>${CAMPO_ENDERECO2}</arg>
<arg>${FAKE_ENDERECO2}</arg>
<doc>Types the given ``text`` into the text field identified by ``locator``.</doc>
<status status="PASS" start="2026-07-24T15:15:00.882133" elapsed="0.071215"/>
</kw>
<kw name="Select From List By Value" owner="SeleniumLibrary">
<msg time="2026-07-24T15:15:00.954336" level="INFO">Selecting options from selection list 'id=country' by value Australia.</msg>
<arg>${CAMPO_PAIS}</arg>
<arg>${FAKE_PAIS}</arg>
<doc>Selects options from selection list ``locator`` by ``values``.</doc>
<status status="PASS" start="2026-07-24T15:15:00.953649" elapsed="0.043416"/>
</kw>
<kw name="Input Text" owner="SeleniumLibrary">
<msg time="2026-07-24T15:15:00.997809" level="INFO">Typing text 'Distrito Federal' into text field '//input[@data-qa='state']'.</msg>
<arg>${CAMPO_ESTADO}</arg>
<arg>${FAKE_ESTADO}</arg>
<doc>Types the given ``text`` into the text field identified by ``locator``.</doc>
<status status="PASS" start="2026-07-24T15:15:00.997301" elapsed="0.056322"/>
</kw>
<kw name="Input Text" owner="SeleniumLibrary">
<msg time="2026-07-24T15:15:01.054380" level="INFO">Typing text 'Oliveira' into text field '//input[@data-qa='city']'.</msg>
<arg>${CAMPO_CIDADE}</arg>
<arg>${FAKE_CIDADE}</arg>
<doc>Types the given ``text`` into the text field identified by ``locator``.</doc>
<status status="PASS" start="2026-07-24T15:15:01.053859" elapsed="0.052563"/>
</kw>
<kw name="Input Text" owner="SeleniumLibrary">
<msg time="2026-07-24T15:15:01.107440" level="INFO">Typing text '03523-537' into text field '//input[@data-qa='zipcode']'.</msg>
<arg>${CAMPO_CEP}</arg>
<arg>${FAKE_CEP}</arg>
<doc>Types the given ``text`` into the text field identified by ``locator``.</doc>
<status status="PASS" start="2026-07-24T15:15:01.106722" elapsed="0.057254"/>
</kw>
<kw name="Input Text" owner="SeleniumLibrary">
<msg time="2026-07-24T15:15:01.164724" level="INFO">Typing text '15 5171-8353' into text field '//input[@data-qa='mobile_number']'.</msg>
<arg>${CAMPO_CELULAR}</arg>
<arg>${FAKE_CELULAR}</arg>
<doc>Types the given ``text`` into the text field identified by ``locator``.</doc>
<status status="PASS" start="2026-07-24T15:15:01.164225" elapsed="0.057817"/>
</kw>
<doc>Preenche o formulário de cadastro com os dados do usuário</doc>
<status status="PASS" start="2026-07-24T15:15:00.362228" elapsed="0.859995"/>
</kw>
<kw name="Clicar no botão de criar conta" owner="LoginPage">
<kw name="Click Element" owner="SeleniumLibrary">
<msg time="2026-07-24T15:15:01.223371" level="INFO">Clicking element '//button[@data-qa='create-account']'.</msg>
<arg>${BOTAO_CRIAR_CONTA}</arg>
<doc>Click the element identified by ``locator``.</doc>
<status status="PASS" start="2026-07-24T15:15:01.222998" elapsed="2.347689"/>
</kw>
<doc>Clica no botão de criar conta após preencher o formulário de cadastro</doc>
<status status="PASS" start="2026-07-24T15:15:01.222531" elapsed="2.348395"/>
</kw>
<kw name="Verificar cadastro realizado com sucesso" owner="LoginPage">
<kw name="Element Text Should Be" owner="SeleniumLibrary">
<msg time="2026-07-24T15:15:03.572388" level="INFO">Verifying element '//h2[@data-qa='account-created']' contains exact text 'ACCOUNT CREATED!'.</msg>
<arg>${MENSAGEM_CADASTRO_REALIZADO}</arg>
<arg>${mensagem_esperada}</arg>
<doc>Verifies that element ``locator`` contains exact the text ``expected``.</doc>
<status status="PASS" start="2026-07-24T15:15:03.571851" elapsed="0.013209"/>
</kw>
<arg>ACCOUNT CREATED!</arg>
<doc>Verifica se o cadastro foi realizado com sucesso</doc>
<status status="PASS" start="2026-07-24T15:15:03.571283" elapsed="0.013960"/>
</kw>
<kw name="Acessar pagina de login e cadastro" owner="HomePage">
<kw name="Click Element" owner="SeleniumLibrary">
<msg time="2026-07-24T15:15:03.586504" level="INFO">Clicking element '//a[@href='/login']'.</msg>
<arg>${LOGIN_CADASTRO}</arg>
<doc>Click the element identified by ``locator``.</doc>
<status status="PASS" start="2026-07-24T15:15:03.586062" elapsed="2.264665"/>
</kw>
<doc>Acessa a página de login e cadastro do site</doc>
<status status="PASS" start="2026-07-24T15:15:03.585554" elapsed="2.265477"/>
</kw>
<kw name="Verificar login realizado com sucesso" owner="LoginPage">
<kw name="Element Should Contain" owner="SeleniumLibrary">
<msg time="2026-07-24T15:15:05.864008" level="INFO">Element '//a//b' contains text 'Asafe Cunha'.</msg>
<arg>${TEXTO_LOGADO}</arg>
<arg>${nome_usuario}</arg>
<doc>Verifies that element ``locator`` contains text ``expected``.</doc>
<status status="PASS" start="2026-07-24T15:15:05.852177" elapsed="0.012125"/>
</kw>
<arg>${FAKE_NOME}</arg>
<status status="PASS" start="2026-07-24T15:15:05.851450" elapsed="0.013041"/>
</kw>
<kw name="Clicar em Delete Account" owner="HomePage">
<kw name="Click Element" owner="SeleniumLibrary">
<msg time="2026-07-24T15:15:05.866119" level="INFO">Clicking element '//a[@href='/']'.</msg>
<arg>${BOTAO_HOME}</arg>
<doc>Click the element identified by ``locator``.</doc>
<status status="PASS" start="2026-07-24T15:15:05.865723" elapsed="0.046242"/>
</kw>
<kw name="Run Keyword And Return Status" owner="BuiltIn">
<kw name="Page Should Contain Element" owner="SeleniumLibrary">
<msg time="2026-07-24T15:15:05.922888" level="INFO">Current page contains element '//iframe[@id='aswift_2']'.</msg>
<arg>${IFRAME}</arg>
<doc>Verifies that element ``locator`` is found on the current page.</doc>
<status status="PASS" start="2026-07-24T15:15:05.912899" elapsed="0.010341"/>
</kw>
<msg time="2026-07-24T15:15:05.923493" level="INFO">${IFRAME_PRESENT} = True</msg>
<var>${IFRAME_PRESENT}</var>
<arg>Page Should Contain Element</arg>
<arg>${IFRAME}</arg>
<doc>Runs the specified keyword and returns the status as a Boolean value.</doc>
<status status="PASS" start="2026-07-24T15:15:05.912217" elapsed="0.011401"/>
</kw>
<if>
<branch type="IF" condition="${IFRAME_PRESENT} == True">
<kw name="Select Frame" owner="SeleniumLibrary">
<msg time="2026-07-24T15:15:05.924904" level="INFO">Selecting frame '//iframe[@id='aswift_2']'.</msg>
<arg>${IFRAME}</arg>
<doc>Sets frame identified by ``locator`` as the current frame.</doc>
<status status="PASS" start="2026-07-24T15:15:05.924397" elapsed="0.015503"/>
</kw>
<kw name="Click Element" owner="SeleniumLibrary">
<msg time="2026-07-24T15:15:05.940635" level="INFO">Clicking element 'id=dismiss-button-element'.</msg>
<arg>${FECHAR_POPUP}</arg>
<doc>Click the element identified by ``locator``.</doc>
<status status="PASS" start="2026-07-24T15:15:05.940136" elapsed="0.069250"/>
</kw>
<kw name="Unselect Frame" owner="SeleniumLibrary">
<doc>Sets the main frame as the current frame.</doc>
<status status="PASS" start="2026-07-24T15:15:06.009669" elapsed="1.933751"/>
</kw>
<kw name="Click Element" owner="SeleniumLibrary">
<msg time="2026-07-24T15:15:07.944222" level="INFO">Clicking element '//a[@href='/delete_account']'.</msg>
<arg>${BOTAO_DELETE}</arg>
<doc>Click the element identified by ``locator``.</doc>
<status status="PASS" start="2026-07-24T15:15:07.943701" elapsed="1.546529"/>
</kw>
<status status="PASS" start="2026-07-24T15:15:05.923841" elapsed="3.566553"/>
</branch>
<status status="PASS" start="2026-07-24T15:15:05.923789" elapsed="3.566686"/>
</if>
<kw name="Element Text Should Be" owner="SeleniumLibrary">
<msg time="2026-07-24T15:15:09.491167" level="INFO">Verifying element '//h2[@data-qa='account-deleted']' contains exact text 'ACCOUNT DELETED!'.</msg>
<arg>${MENSAGEM_DELETE}</arg>
<arg>${MENSAGEM_ESPERADA_DELETE}</arg>
<doc>Verifies that element ``locator`` contains exact the text ``expected``.</doc>
<status status="PASS" start="2026-07-24T15:15:09.490597" elapsed="0.012604"/>
</kw>
<arg>ACCOUNT DELETED!</arg>
<doc>Clica no botão de deletar conta</doc>
<status status="PASS" start="2026-07-24T15:15:05.865116" elapsed="3.638252"/>
</kw>
<kw name="Fechar navegador" owner="base" type="TEARDOWN">
<kw name="Close Browser" owner="SeleniumLibrary">
<doc>Closes the current browser.</doc>
<status status="PASS" start="2026-07-24T15:15:09.504348" elapsed="2.146515"/>
</kw>
<status status="PASS" start="2026-07-24T15:15:09.503851" elapsed="2.147210"/>
</kw>
<status status="PASS" start="2026-07-24T15:14:49.838342" elapsed="21.812916"/>
</test>
<status status="PASS" start="2026-07-24T15:14:49.250625" elapsed="22.407183"/>
</suite>
<status status="PASS" start="2026-07-24T15:14:49.243031" elapsed="22.435934"/>
</suite>
<status status="PASS" start="2026-07-24T15:14:49.208101" elapsed="22.476652"/>
</suite>
<statistics>
<total>
<stat pass="1" fail="0" skip="0">All Tests</stat>
</total>
<tag>
</tag>
<suite>
<stat name="Projeto RobotFramework" id="s1" pass="1" fail="0" skip="0">Projeto RobotFramework</stat>
<stat name="Tests" id="s1-s1" pass="1" fail="0" skip="0">Projeto RobotFramework.Tests</stat>
<stat name="LoginPage testes" id="s1-s1-s1" pass="1" fail="0" skip="0">Projeto RobotFramework.Tests.LoginPage testes</stat>
</suite>
</statistics>
<errors>
</errors>
</robot>
