<?xml version="1.0" encoding="UTF-8"?>
<robot generator="Robot 7.4.2 (Python 3.14.4 on win32)" generated="2026-07-23T19:05:33.834949" rpa="false" schemaversion="5">
<suite id="s1" name="AutomationWebTesting" source="D:\CursoUdemy\AutomationWebTesting">
<suite id="s1-s1" name="Tests" source="D:\CursoUdemy\AutomationWebTesting\tests">
<suite id="s1-s1-s1" name="LoginPage testes" source="D:\CursoUdemy\AutomationWebTesting\tests\LoginPage_testes.robot">
<test id="s1-s1-s1-t1" name="Realizar cadastro de um usuario e deleta-lo" line="56">
<kw name="Abrir navegador" owner="base" type="SETUP">
<kw name="Open Browser" owner="SeleniumLibrary">
<msg time="2026-07-23T19:05:34.572646" level="INFO">Opening browser 'edge' to base url 'about:blank'.</msg>
<arg>about:blank</arg>
<arg>${BROWSER}</arg>
<doc>Opens a new browser instance to the optional ``url``.</doc>
<status status="PASS" start="2026-07-23T19:05:34.572176" elapsed="0.636630"/>
</kw>
<kw name="Maximize Browser Window" owner="SeleniumLibrary">
<doc>Maximizes current browser window.</doc>
<status status="PASS" start="2026-07-23T19:05:35.209134" elapsed="0.023697"/>
</kw>
<status status="PASS" start="2026-07-23T19:05:34.570921" elapsed="0.662212"/>
</kw>
<kw name="Acessar pagina inicial" owner="HomePage">
<kw name="Go To" owner="SeleniumLibrary">
<msg time="2026-07-23T19:05:35.234570" level="INFO">Opening url 'https://automationexercise.com/'</msg>
<arg>${URL}</arg>
<doc>Navigates the current browser window to the provided ``url``.</doc>
<status status="PASS" start="2026-07-23T19:05:35.234253" elapsed="6.554413"/>
</kw>
<kw name="Element Text Should Be" owner="SeleniumLibrary">
<msg time="2026-07-23T19:05:41.789756" level="INFO">Verifying element '//div[@id="accordian"]/../h2' contains exact text 'CATEGORY'.</msg>
<arg>${CATEGORIA}</arg>
<arg>CATEGORY</arg>
<doc>Verifies that element ``locator`` contains exact the text ``expected``.</doc>
<status status="PASS" start="2026-07-23T19:05:41.788954" elapsed="0.016801"/>
</kw>
<doc>Acessa a página inicial do site</doc>
<status status="PASS" start="2026-07-23T19:05:35.233642" elapsed="6.572318"/>
</kw>
<kw name="Acessar pagina de login e cadastro" owner="HomePage">
<kw name="Click Element" owner="SeleniumLibrary">
<msg time="2026-07-23T19:05:41.807310" level="INFO">Clicking element '//a[@href='/login']'.</msg>
<arg>${LOGIN_CADASTRO}</arg>
<doc>Click the element identified by ``locator``.</doc>
<status status="PASS" start="2026-07-23T19:05:41.806851" elapsed="2.208493"/>
</kw>
<doc>Acessa a página de login e cadastro do site</doc>
<status status="PASS" start="2026-07-23T19:05:41.806312" elapsed="2.209285"/>
</kw>
<kw name="Preencher campos de cadastro" owner="LoginPage">
<kw name="Input Text" owner="SeleniumLibrary">
<msg time="2026-07-23T19:05:44.016899" level="INFO">Typing text 'Maria Vitória Dias' into text field '//input[@data-qa='signup-name']'.</msg>
<arg>${CAMPO_NOME}</arg>
<arg>${nome}</arg>
<doc>Types the given ``text`` into the text field identified by ``locator``.</doc>
<status status="PASS" start="2026-07-23T19:05:44.016490" elapsed="0.070990"/>
</kw>
<kw name="Input Text" owner="SeleniumLibrary">
<msg time="2026-07-23T19:05:44.088704" level="INFO">Typing text 'lucas89@example.com' into text field '//input[@data-qa='signup-email']'.</msg>
<arg>${CAMPO_EMAIL_CADASTRO}</arg>
<arg>${email}</arg>
<doc>Types the given ``text`` into the text field identified by ``locator``.</doc>
<status status="PASS" start="2026-07-23T19:05:44.087880" elapsed="0.072356"/>
</kw>
<kw name="Click Button" owner="SeleniumLibrary">
<msg time="2026-07-23T19:05:44.160940" level="INFO">Clicking button '//button[@data-qa='signup-button']'.</msg>
<arg>${BOTAO_CADASTRO}</arg>
<doc>Clicks the button identified by ``locator``.</doc>
<status status="PASS" start="2026-07-23T19:05:44.160458" elapsed="2.813544"/>
</kw>
<arg>${FAKE_NOME}</arg>
<arg>${FAKE_EMAIL}</arg>
<doc>Preenche os campos de cadastro com nome e email</doc>
<status status="PASS" start="2026-07-23T19:05:44.015950" elapsed="2.958249"/>
</kw>
<kw name="Preencher formulario de cadastro" owner="LoginPage">
<kw name="Click Element" owner="SeleniumLibrary">
<msg time="2026-07-23T19:05:46.975921" level="INFO">Clicking element '//input[@value='Mr']'.</msg>
<arg>//input[@value='${Titulo}']</arg>
<doc>Click the element identified by ``locator``.</doc>
<status status="PASS" start="2026-07-23T19:05:46.975420" elapsed="0.050368"/>
</kw>
<kw name="Input Text" owner="SeleniumLibrary">
<msg time="2026-07-23T19:05:47.026804" level="INFO">Typing text 's2$YAdyL*d' into text field '//input[@data-qa='password']'.</msg>
<arg>${CAMPO_SENHA_CADASTRO}</arg>
<arg>${password}</arg>
<doc>Types the given ``text`` into the text field identified by ``locator``.</doc>
<status status="PASS" start="2026-07-23T19:05:47.026148" elapsed="0.059413"/>
</kw>
<kw name="Select From List By Value" owner="SeleniumLibrary">
<msg time="2026-07-23T19:05:47.086305" level="INFO">Selecting options from selection list 'id=days' by value 7.</msg>
<arg>${CAMPO_DIA_NASCIMENTO}</arg>
<arg>${dia_nascimento}</arg>
<doc>Selects options from selection list ``locator`` by ``values``.</doc>
<status status="PASS" start="2026-07-23T19:05:47.085794" elapsed="0.103834"/>
</kw>
<kw name="Select From List By Value" owner="SeleniumLibrary">
<msg time="2026-07-23T19:05:47.190568" level="INFO">Selecting options from selection list 'id=months' by value 8.</msg>
<arg>${CAMPO_MES_NASCIMENTO}</arg>
<arg>${mes_nascimento}</arg>
<doc>Selects options from selection list ``locator`` by ``values``.</doc>
<status status="PASS" start="2026-07-23T19:05:47.189908" elapsed="0.055572"/>
</kw>
<kw name="Select From List By Value" owner="SeleniumLibrary">
<msg time="2026-07-23T19:05:47.246213" level="INFO">Selecting options from selection list 'id=years' by value 1926.</msg>
<arg>${CAMPO_ANO_NASCIMENTO}</arg>
<arg>${ano_nascimento}</arg>
<doc>Selects options from selection list ``locator`` by ``values``.</doc>
<status status="PASS" start="2026-07-23T19:05:47.245705" elapsed="0.042770"/>
</kw>
<kw name="Input Text" owner="SeleniumLibrary">
<msg time="2026-07-23T19:05:47.289225" level="INFO">Typing text 'Thomas' into text field '//input[@data-qa='first_name']'.</msg>
<arg>${CAMPO_PRIMEIRO_NOME}</arg>
<arg>${primeiro_nome}</arg>
<doc>Types the given ``text`` into the text field identified by ``locator``.</doc>
<status status="PASS" start="2026-07-23T19:05:47.288707" elapsed="0.065844"/>
</kw>
<kw name="Input Text" owner="SeleniumLibrary">
<msg time="2026-07-23T19:05:47.355394" level="INFO">Typing text 'Porto' into text field '//input[@data-qa='last_name']'.</msg>
<arg>${CAMPO_ULTIMO_NOME}</arg>
<arg>${ultimo_nome}</arg>
<doc>Types the given ``text`` into the text field identified by ``locator``.</doc>
<status status="PASS" start="2026-07-23T19:05:47.354808" elapsed="0.055286"/>
</kw>
<kw name="Input Text" owner="SeleniumLibrary">
<msg time="2026-07-23T19:05:47.410986" level="INFO">Typing text 'Pimenta - ME' into text field '//input[@data-qa='company']'.</msg>
<arg>${CAMPO_EMPRESA}</arg>
<arg>${empresa}</arg>
<doc>Types the given ``text`` into the text field identified by ``locator``.</doc>
<status status="PASS" start="2026-07-23T19:05:47.410353" elapsed="0.069294"/>
</kw>
<kw name="Input Text" owner="SeleniumLibrary">
<msg time="2026-07-23T19:05:47.480393" level="INFO">Typing text 'Feira Francisco Rocha' into text field '//input[@data-qa='address']'.</msg>
<arg>${CAMPO_ENDERECO1}</arg>
<arg>${endereco1}</arg>
<doc>Types the given ``text`` into the text field identified by ``locator``.</doc>
<status status="PASS" start="2026-07-23T19:05:47.479871" elapsed="0.061878"/>
</kw>
<kw name="Input Text" owner="SeleniumLibrary">
<msg time="2026-07-23T19:05:47.542537" level="INFO">Typing text 'Vereda Marcos Vinicius Farias, 45' into text field '//input[@data-qa='address2']'.</msg>
<arg>${CAMPO_ENDERECO2}</arg>
<arg>${endereco2}</arg>
<doc>Types the given ``text`` into the text field identified by ``locator``.</doc>
<status status="PASS" start="2026-07-23T19:05:47.541997" elapsed="0.070878"/>
</kw>
<kw name="Select From List By Value" owner="SeleniumLibrary">
<msg time="2026-07-23T19:05:47.613624" level="INFO">Selecting options from selection list 'id=country' by value United States.</msg>
<arg>${CAMPO_PAIS}</arg>
<arg>${pais}</arg>
<doc>Selects options from selection list ``locator`` by ``values``.</doc>
<status status="PASS" start="2026-07-23T19:05:47.613120" elapsed="0.042305"/>
</kw>
<kw name="Input Text" owner="SeleniumLibrary">
<msg time="2026-07-23T19:05:47.656247" level="INFO">Typing text 'São Paulo' into text field '//input[@data-qa='state']'.</msg>
<arg>${CAMPO_ESTADO}</arg>
<arg>${estado}</arg>
<doc>Types the given ``text`` into the text field identified by ``locator``.</doc>
<status status="PASS" start="2026-07-23T19:05:47.655673" elapsed="0.058185"/>
</kw>
<kw name="Input Text" owner="SeleniumLibrary">
<msg time="2026-07-23T19:05:47.714681" level="INFO">Typing text 'Moreira das Flores' into text field '//input[@data-qa='city']'.</msg>
<arg>${CAMPO_CIDADE}</arg>
<arg>${cidade}</arg>
<doc>Types the given ``text`` into the text field identified by ``locator``.</doc>
<status status="PASS" start="2026-07-23T19:05:47.714133" elapsed="0.063427"/>
</kw>
<kw name="Input Text" owner="SeleniumLibrary">
<msg time="2026-07-23T19:05:47.778272" level="INFO">Typing text '91521280' into text field '//input[@data-qa='zipcode']'.</msg>
<arg>${CAMPO_CEP}</arg>
<arg>${cep}</arg>
<doc>Types the given ``text`` into the text field identified by ``locator``.</doc>
<status status="PASS" start="2026-07-23T19:05:47.777785" elapsed="0.066501"/>
</kw>
<kw name="Input Text" owner="SeleniumLibrary">
<msg time="2026-07-23T19:05:47.845250" level="INFO">Typing text '24 2851-9689' into text field '//input[@data-qa='mobile_number']'.</msg>
<arg>${CAMPO_CELULAR}</arg>
<arg>${celular}</arg>
<doc>Types the given ``text`` into the text field identified by ``locator``.</doc>
<status status="PASS" start="2026-07-23T19:05:47.844585" elapsed="0.058580"/>
</kw>
<arg>${TITULO}</arg>
<arg>${FAKE_SENHA}</arg>
<arg>${FAKE_DIA_NASCIMENTO}</arg>
<arg>${FAKE_MES_NASCIMENTO}</arg>
<arg>${FAKE_ANO_NASCIMENTO}</arg>
<arg>${FAKE_PRIMEIRO_NOME}</arg>
<arg>${FAKE_ULTIMO_NOME}</arg>
<arg>${FAKE_EMPRESA}</arg>
<arg>${FAKE_ENDERECO1}</arg>
<arg>${FAKE_ENDERECO2}</arg>
<arg>${FAKE_PAIS}</arg>
<arg>${FAKE_ESTADO}</arg>
<arg>${FAKE_CIDADE}</arg>
<arg>${FAKE_CEP}</arg>
<arg>${FAKE_CELULAR}</arg>
<doc>Preenche o formulário de cadastro com os dados do usuário</doc>
<status status="PASS" start="2026-07-23T19:05:46.974574" elapsed="0.928769"/>
</kw>
<kw name="Clicar no botão de criar conta" owner="LoginPage">
<kw name="Click Element" owner="SeleniumLibrary">
<msg time="2026-07-23T19:05:47.904472" level="INFO">Clicking element '//button[@data-qa='create-account']'.</msg>
<arg>${BOTAO_CRIAR_CONTA}</arg>
<doc>Click the element identified by ``locator``.</doc>
<status status="PASS" start="2026-07-23T19:05:47.904105" elapsed="2.807259"/>
</kw>
<doc>Clica no botão de criar conta após preencher o formulário de cadastro</doc>
<status status="PASS" start="2026-07-23T19:05:47.903664" elapsed="2.807879"/>
</kw>
<kw name="Verificar cadastro realizado com sucesso" owner="LoginPage">
<kw name="Element Text Should Be" owner="SeleniumLibrary">
<msg time="2026-07-23T19:05:50.712797" level="INFO">Verifying element '//h2[@data-qa='account-created']' contains exact text 'ACCOUNT CREATED!'.</msg>
<arg>${MENSAGEM_CADASTRO_REALIZADO}</arg>
<arg>${mensagem_esperada}</arg>
<doc>Verifies that element ``locator`` contains exact the text ``expected``.</doc>
<status status="PASS" start="2026-07-23T19:05:50.712358" elapsed="0.014374"/>
</kw>
<arg>ACCOUNT CREATED!</arg>
<doc>Verifica se o cadastro foi realizado com sucesso</doc>
<status status="PASS" start="2026-07-23T19:05:50.711871" elapsed="0.015025"/>
</kw>
<kw name="Acessar pagina de login e cadastro" owner="HomePage">
<kw name="Click Element" owner="SeleniumLibrary">
<msg time="2026-07-23T19:05:50.728537" level="INFO">Clicking element '//a[@href='/login']'.</msg>
<arg>${LOGIN_CADASTRO}</arg>
<doc>Click the element identified by ``locator``.</doc>
<status status="PASS" start="2026-07-23T19:05:50.727983" elapsed="2.373427"/>
</kw>
<doc>Acessa a página de login e cadastro do site</doc>
<status status="PASS" start="2026-07-23T19:05:50.727209" elapsed="2.374400"/>
</kw>
<kw name="Verificar login realizado com sucesso" owner="LoginPage">
<kw name="Element Should Contain" owner="SeleniumLibrary">
<msg time="2026-07-23T19:05:53.115927" level="INFO">Element '//a//b' contains text 'Maria Vitória Dias'.</msg>
<arg>${TEXTO_LOGADO}</arg>
<arg>${nome_usuario}</arg>
<doc>Verifies that element ``locator`` contains text ``expected``.</doc>
<status status="PASS" start="2026-07-23T19:05:53.102537" elapsed="0.013717"/>
</kw>
<arg>${FAKE_NOME}</arg>
<status status="PASS" start="2026-07-23T19:05:53.102004" elapsed="0.014395"/>
</kw>
<kw name="Clicar em Delete Account" owner="HomePage">
<kw name="Click Element" owner="SeleniumLibrary">
<msg time="2026-07-23T19:05:53.118340" level="INFO">Clicking element '//a[@href='/']'.</msg>
<arg>${BOTAO_HOME}</arg>
<doc>Click the element identified by ``locator``.</doc>
<status status="PASS" start="2026-07-23T19:05:53.117758" elapsed="0.051447"/>
</kw>
<kw name="Run Keyword And Return Status" owner="BuiltIn">
<kw name="Page Should Contain Element" owner="SeleniumLibrary">
<msg time="2026-07-23T19:05:53.181431" level="INFO">Current page contains element '//iframe[@id='aswift_2']'.</msg>
<arg>${IFRAME}</arg>
<doc>Verifies that element ``locator`` is found on the current page.</doc>
<status status="PASS" start="2026-07-23T19:05:53.170326" elapsed="0.011502"/>
</kw>
<msg time="2026-07-23T19:05:53.182062" level="INFO">${IFRAME_PRESENT} = True</msg>
<var>${IFRAME_PRESENT}</var>
<arg>Page Should Contain Element</arg>
<arg>${IFRAME}</arg>
<doc>Runs the specified keyword and returns the status as a Boolean value.</doc>
<status status="PASS" start="2026-07-23T19:05:53.169513" elapsed="0.012694"/>
</kw>
<if>
<branch type="IF" condition="${IFRAME_PRESENT} == True">
<kw name="Select Frame" owner="SeleniumLibrary">
<msg time="2026-07-23T19:05:53.183570" level="INFO">Selecting frame '//iframe[@id='aswift_2']'.</msg>
<arg>${IFRAME}</arg>
<doc>Sets frame identified by ``locator`` as the current frame.</doc>
<status status="PASS" start="2026-07-23T19:05:53.183131" elapsed="0.015220"/>
</kw>
<kw name="Click Element" owner="SeleniumLibrary">
<msg time="2026-07-23T19:05:53.199072" level="INFO">Clicking element 'id=dismiss-button-element'.</msg>
<arg>${FECHAR_POPUP}</arg>
<doc>Click the element identified by ``locator``.</doc>
<status status="PASS" start="2026-07-23T19:05:53.198604" elapsed="0.075982"/>
</kw>
<kw name="Unselect Frame" owner="SeleniumLibrary">
<doc>Sets the main frame as the current frame.</doc>
<status status="PASS" start="2026-07-23T19:05:53.274824" elapsed="2.131615"/>
</kw>
<kw name="Click Element" owner="SeleniumLibrary">
<msg time="2026-07-23T19:05:55.407176" level="INFO">Clicking element '//a[@href='/delete_account']'.</msg>
<arg>${BOTAO_DELETE}</arg>
<doc>Click the element identified by ``locator``.</doc>
<status status="PASS" start="2026-07-23T19:05:55.406671" elapsed="1.615960"/>
</kw>
<status status="PASS" start="2026-07-23T19:05:53.182508" elapsed="3.840314"/>
</branch>
<status status="PASS" start="2026-07-23T19:05:53.182428" elapsed="3.840515"/>
</if>
<kw name="Element Text Should Be" owner="SeleniumLibrary">
<msg time="2026-07-23T19:05:57.023643" level="INFO">Verifying element '//h2[@data-qa='account-deleted']' contains exact text 'ACCOUNT DELETED!'.</msg>
<arg>${MENSAGEM_DELETE}</arg>
<arg>${MENSAGEM_ESPERADA_DELETE}</arg>
<doc>Verifies that element ``locator`` contains exact the text ``expected``.</doc>
<status status="PASS" start="2026-07-23T19:05:57.023106" elapsed="0.013568"/>
</kw>
<arg>ACCOUNT DELETED!</arg>
<doc>Clica no botão de deletar conta</doc>
<status status="PASS" start="2026-07-23T19:05:53.116935" elapsed="3.919913"/>
</kw>
<kw name="Fechar navegador" owner="base" type="TEARDOWN">
<kw name="Close Browser" owner="SeleniumLibrary">
<doc>Closes the current browser.</doc>
<status status="PASS" start="2026-07-23T19:05:57.037979" elapsed="2.177094"/>
</kw>
<status status="PASS" start="2026-07-23T19:05:57.037298" elapsed="2.178150"/>
</kw>
<status status="PASS" start="2026-07-23T19:05:34.566023" elapsed="24.649743"/>
</test>
<status status="PASS" start="2026-07-23T19:05:33.922449" elapsed="25.300273"/>
</suite>
<status status="PASS" start="2026-07-23T19:05:33.918187" elapsed="25.317137"/>
</suite>
<status status="PASS" start="2026-07-23T19:05:33.840231" elapsed="25.408444"/>
</suite>
<statistics>
<total>
<stat pass="1" fail="0" skip="0">All Tests</stat>
</total>
<tag>
</tag>
<suite>
<stat name="AutomationWebTesting" id="s1" pass="1" fail="0" skip="0">AutomationWebTesting</stat>
<stat name="Tests" id="s1-s1" pass="1" fail="0" skip="0">AutomationWebTesting.Tests</stat>
<stat name="LoginPage testes" id="s1-s1-s1" pass="1" fail="0" skip="0">AutomationWebTesting.Tests.LoginPage testes</stat>
</suite>
</statistics>
<errors>
</errors>
</robot>
